<?xml version="1.0" encoding="UTF-8"?>
<!-- Generated by org.testng.reporters.JUnitReportReporter -->
<testsuite hostname="DESKTOP-CLQH561" failures="0" tests="1" name="testCasess.TC_002_LoginTest" time="4.244" errors="0" timestamp="2023-09-23T16:52:40 IST" skipped="0">
  <testcase classname="testCasess.TC_002_LoginTest" name="loginTest" time="4.244"/>
</testsuite> <!-- testCasess.TC_002_LoginTest -->
